<?xml version="1.0" encoding="UTF-8"?>
<!-- Generated by org.testng.reporters.JUnitReportReporter -->
<testsuite hostname="Fahad" failures="0" tests="1" name="TestNFTestingDemo.Test_1" time="0.025" errors="0" timestamp="2023-06-01T10:47:53 BDT" skipped="0">
  <testcase classname="TestNFTestingDemo.Test_1" name="m1" time="0.025"/>
  <system-out/>
</testsuite> <!-- TestNFTestingDemo.Test_1 -->
