<?xml version="1.0" encoding="UTF-8"?>
<!-- Generated by org.testng.reporters.JUnitReportReporter -->
<testsuite hostname="Fahad" failures="0" tests="2" name="TestNGTestingDemo.FirstTestNGFile" time="0.051" errors="0" timestamp="2023-06-06T21:41:29 BDT" skipped="0">
  <testcase classname="TestNGTestingDemo.FirstTestNGFile" name="m" time="0.009"/>
  <system-out/>
  <testcase classname="TestNGTestingDemo.FirstTestNGFile" name="f" time="0.042"/>
  <system-out/>
</testsuite> <!-- TestNGTestingDemo.FirstTestNGFile -->
