<?xml version="1.0" encoding="UTF-8"?>
<!-- Generated by org.testng.reporters.JUnitReportReporter -->
<testsuite hostname="Fahad" failures="0" tests="2" name="BatchTesting.PaymentTest" time="0.025" errors="0" timestamp="2023-06-05T15:17:00 BDT" skipped="0">
  <testcase classname="BatchTesting.PaymentTest" name="paymentInDoller" time="0.023"/>
  <system-out/>
  <testcase classname="BatchTesting.PaymentTest" name="paymentInTaka" time="0.002"/>
  <system-out/>
</testsuite> <!-- BatchTesting.PaymentTest -->
