<?xml version="1.0" encoding="UTF-8"?>
<!-- Generated by org.testng.reporters.JUnitReportReporter -->
<testsuite hostname="Fahad" failures="0" tests="3" name="BatchTesting.SignupTest" time="0.012" errors="0" timestamp="2023-06-05T15:17:00 BDT" skipped="0">
  <testcase classname="BatchTesting.SignupTest" name="signUpByTwitter" time="0.004"/>
  <system-out/>
  <testcase classname="BatchTesting.SignupTest" name="signUpByFacebook" time="0.004"/>
  <system-out/>
  <testcase classname="BatchTesting.SignupTest" name="signUpByEmail" time="0.004"/>
  <system-out/>
</testsuite> <!-- BatchTesting.SignupTest -->
