<?xml version="1.0" encoding="UTF-8"?>
<!-- Generated by org.testng.reporters.JUnitReportReporter -->
<testsuite hostname="Fahad" failures="0" tests="1" name="BatchTesting.PaymentReturn" time="0.002" errors="0" timestamp="2023-06-05T15:17:00 BDT" skipped="0">
  <testcase classname="BatchTesting.PaymentReturn" name="paymentReturnByBank" time="0.002"/>
  <system-out/>
</testsuite> <!-- BatchTesting.PaymentReturn -->
