<?xml version="1.0" encoding="UTF-8"?>
<!-- Generated by org.testng.reporters.JUnitReportReporter -->
<testsuite hostname="Fahad" failures="0" tests="3" name="BatchTesting.LoginTest" time="0.032" errors="0" timestamp="2023-06-05T15:17:00 BDT" skipped="0">
  <testcase classname="BatchTesting.LoginTest" name="LoginByFacebook" time="0.005"/>
  <system-out/>
  <testcase classname="BatchTesting.LoginTest" name="LoginByEmail" time="0.023"/>
  <system-out/>
  <testcase classname="BatchTesting.LoginTest" name="LoginByTwitter" time="0.004"/>
  <system-out/>
</testsuite> <!-- BatchTesting.LoginTest -->
