<?xml version="1.0" encoding="UTF-8"?>
<!-- Generated by org.testng.reporters.JUnitReportReporter -->
<testsuite hostname="Fahad" failures="0" tests="4" name="ParallelTesting.TestNGParallelTest" time="0.130" errors="0" timestamp="2023-06-06T22:14:08 BDT" skipped="0">
  <testcase classname="ParallelTesting.TestNGParallelTest" name="test2" time="0.030"/>
  <system-out/>
  <testcase classname="ParallelTesting.TestNGParallelTest" name="test1" time="0.034"/>
  <system-out/>
  <testcase classname="ParallelTesting.TestNGParallelTest" name="test1" time="0.031"/>
  <system-out/>
  <testcase classname="ParallelTesting.TestNGParallelTest" name="test1" time="0.035"/>
  <system-out/>
</testsuite> <!-- ParallelTesting.TestNGParallelTest -->
